{"meta": {"format": 3, "version": "7.13.4", "timestamp": "2026-02-23T23:30:10.651380", "branch_coverage": true, "show_contexts": false}, "files": {"src\\azure_opencode_setup\\__init__.py": {"executed_lines": [], "summary": {"covered_lines": 0, "num_statements": 0, "percent_covered": 100.0, "percent_covered_display": "100", "missing_lines": 0, "excluded_lines": 0, "percent_statements_covered": 100.0, "percent_statements_covered_display": "100", "num_branches": 0, "num_partial_branches": 0, "covered_branches": 0, "missing_branches": 0, "percent_branches_covered": 100.0, "percent_branches_covered_display": "100"}, "missing_lines": [], "excluded_lines": [], "executed_branches": [], "missing_branches": [], "functions": {"": {"executed_lines": [], "summary": {"covered_lines": 0, "num_statements": 0, "percent_covered": 100.0, "percent_covered_display": "100", "missing_lines": 0, "excluded_lines": 0, "percent_statements_covered": 100.0, "percent_statements_covered_display": "100", "num_branches": 0, "num_partial_branches": 0, "covered_branches": 0, "missing_branches": 0, "percent_branches_covered": 100.0, "percent_branches_covered_display": "100"}, "missing_lines": [], "excluded_lines": [], "start_line": 1, "executed_branches": [], "missing_branches": []}}, "classes": {"": {"executed_lines": [], "summary": {"covered_lines": 0, "num_statements": 0, "percent_covered": 100.0, "percent_covered_display": "100", "missing_lines": 0, "excluded_lines": 0, "percent_statements_covered": 100.0, "percent_statements_covered_display": "100", "num_branches": 0, "num_partial_branches": 0, "covered_branches": 0, "missing_branches": 0, "percent_branches_covered": 100.0, "percent_branches_covered_display": "100"}, "missing_lines": [], "excluded_lines": [], "start_line": 1, "executed_branches": [], "missing_branches": []}}}, "src\\azure_opencode_setup\\cli.py": {"executed_lines": [14, 16, 17, 18, 19, 20, 21, 23, 24, 25, 26, 27, 28, 29, 30, 31, 32, 33, 34, 35, 40, 41, 42, 45, 46, 60, 61, 62, 63, 64, 65, 66, 67, 70, 76, 80, 82, 83, 88, 93, 99, 105, 110, 116, 119, 128, 131, 140, 145, 151, 152, 153, 154, 155, 157, 158, 164, 165, 166, 171, 174, 187, 188, 189, 190, 191, 193, 194, 196, 197, 198, 202, 205, 223, 224, 225, 227, 234, 240, 241, 242, 243, 245, 246, 249, 258, 261, 270, 271, 273, 274, 282], "summary": {"covered_lines": 92, "num_statements": 95, "percent_covered": 96.3302752293578, "percent_covered_display": "96", "missing_lines": 3, "excluded_lines": 4, "percent_statements_covered": 96.84210526315789, "percent_statements_covered_display": "97", "num_branches": 14, "num_partial_branches": 1, "covered_branches": 13, "missing_branches": 1, "percent_branches_covered": 92.85714285714286, "percent_branches_covered_display": "93"}, "missing_lines": [167, 168, 169], "excluded_lines": [37, 38, 285, 286], "executed_branches": [[187, 188], [187, 193], [189, 190], [189, 191], [193, 194], [193, 196], [197, 198], [197, 202], [240, 241], [240, 242], [242, 243], [242, 245], [273, 274]], "missing_branches": [[273, -261]], "functions": {"build_parser": {"executed_lines": [76, 80, 82, 83, 88, 93, 99, 105, 110, 116], "summary": {"covered_lines": 10, "num_statements": 10, "percent_covered": 100.0, "percent_covered_display": "100", "missing_lines": 0, "excluded_lines": 0, "percent_statements_covered": 100.0, "percent_statements_covered_display": "100", "num_branches": 0, "num_partial_branches": 0, "covered_branches": 0, "missing_branches": 0, "percent_branches_covered": 100.0, "percent_branches_covered_display": "100"}, "missing_lines": [], "excluded_lines": [], "start_line": 70, "executed_branches": [], "missing_branches": []}, "run_setup": {"executed_lines": [128], "summary": {"covered_lines": 1, "num_statements": 1, "percent_covered": 100.0, "percent_covered_display": "100", "missing_lines": 0, "excluded_lines": 0, "percent_statements_covered": 100.0, "percent_statements_covered_display": "100", "num_branches": 0, "num_partial_branches": 0, "covered_branches": 0, "missing_branches": 0, "percent_branches_covered": 100.0, "percent_branches_covered_display": "100"}, "missing_lines": [], "excluded_lines": [], "start_line": 119, "executed_branches": [], "missing_branches": []}, "_execute_setup": {"executed_lines": [140, 145, 151, 152, 153, 154, 155, 157, 158, 164, 165, 166, 171], "summary": {"covered_lines": 13, "num_statements": 16, "percent_covered": 81.25, "percent_covered_display": "81", "missing_lines": 3, "excluded_lines": 0, "percent_statements_covered": 81.25, "percent_statements_covered_display": "81", "num_branches": 0, "num_partial_branches": 0, "covered_branches": 0, "missing_branches": 0, "percent_branches_covered": 100.0, "percent_branches_covered_display": "100"}, "missing_lines": [167, 168, 169], "excluded_lines": [], "start_line": 131, "executed_branches": [], "missing_branches": []}, "_obtain_api_key": {"executed_lines": [187, 188, 189, 190, 191, 193, 194, 196, 197, 198, 202], "summary": {"covered_lines": 11, "num_statements": 11, "percent_covered": 100.0, "percent_covered_display": "100", "missing_lines": 0, "excluded_lines": 0, "percent_statements_covered": 100.0, "percent_statements_covered_display": "100", "num_branches": 8, "num_partial_branches": 0, "covered_branches": 8, "missing_branches": 0, "percent_branches_covered": 100.0, "percent_branches_covered_display": "100"}, "missing_lines": [], "excluded_lines": [], "start_line": 174, "executed_branches": [[187, 188], [187, 193], [189, 190], [189, 191], [193, 194], [193, 196], [197, 198], [197, 202]], "missing_branches": []}, "_do_merge_and_write": {"executed_lines": [223, 224, 225, 227, 234, 240, 241, 242, 243, 245, 246], "summary": {"covered_lines": 11, "num_statements": 11, "percent_covered": 100.0, "percent_covered_display": "100", "missing_lines": 0, "excluded_lines": 0, "percent_statements_covered": 100.0, "percent_statements_covered_display": "100", "num_branches": 4, "num_partial_branches": 0, "covered_branches": 4, "missing_branches": 0, "percent_branches_covered": 100.0, "percent_branches_covered_display": "100"}, "missing_lines": [], "excluded_lines": [], "start_line": 205, "executed_branches": [[240, 241], [240, 242], [242, 243], [242, 245]], "missing_branches": []}, "_err": {"executed_lines": [258], "summary": {"covered_lines": 1, "num_statements": 1, "percent_covered": 100.0, "percent_covered_display": "100", "missing_lines": 0, "excluded_lines": 0, "percent_statements_covered": 100.0, "percent_statements_covered_display": "100", "num_branches": 0, "num_partial_branches": 0, "covered_branches": 0, "missing_branches": 0, "percent_branches_covered": 100.0, "percent_branches_covered_display": "100"}, "missing_lines": [], "excluded_lines": [], "start_line": 249, "executed_branches": [], "missing_branches": []}, "main": {"executed_lines": [270, 271, 273, 274, 282], "summary": {"covered_lines": 5, "num_statements": 5, "percent_covered": 85.71428571428571, "percent_covered_display": "86", "missing_lines": 0, "excluded_lines": 0, "percent_statements_covered": 100.0, "percent_statements_covered_display": "100", "num_branches": 2, "num_partial_branches": 1, "covered_branches": 1, "missing_branches": 1, "percent_branches_covered": 50.0, "percent_branches_covered_display": "50"}, "missing_lines": [], "excluded_lines": [], "start_line": 261, "executed_branches": [[273, 274]], "missing_branches": [[273, -261]]}, "": {"executed_lines": [14, 16, 17, 18, 19, 20, 21, 23, 24, 25, 26, 27, 28, 29, 30, 31, 32, 33, 34, 35, 40, 41, 42, 45, 46, 60, 61, 62, 63, 64, 65, 66, 67, 70, 119, 131, 174, 205, 249, 261], "summary": {"covered_lines": 40, "num_statements": 40, "percent_covered": 100.0, "percent_covered_display": "100", "missing_lines": 0, "excluded_lines": 4, "percent_statements_covered": 100.0, "percent_statements_covered_display": "100", "num_branches": 0, "num_partial_branches": 0, "covered_branches": 0, "missing_branches": 0, "percent_branches_covered": 100.0, "percent_branches_covered_display": "100"}, "missing_lines": [], "excluded_lines": [37, 38, 285, 286], "start_line": 1, "executed_branches": [], "missing_branches": []}}, "classes": {"SetupParams": {"executed_lines": [], "summary": {"covered_lines": 0, "num_statements": 0, "percent_covered": 100.0, "percent_covered_display": "100", "missing_lines": 0, "excluded_lines": 0, "percent_statements_covered": 100.0, "percent_statements_covered_display": "100", "num_branches": 0, "num_partial_branches": 0, "covered_branches": 0, "missing_branches": 0, "percent_branches_covered": 100.0, "percent_branches_covered_display": "100"}, "missing_lines": [], "excluded_lines": [], "start_line": 46, "executed_branches": [], "missing_branches": []}, "": {"executed_lines": [14, 16, 17, 18, 19, 20, 21, 23, 24, 25, 26, 27, 28, 29, 30, 31, 32, 33, 34, 35, 40, 41, 42, 45, 46, 60, 61, 62, 63, 64, 65, 66, 67, 70, 76, 80, 82, 83, 88, 93, 99, 105, 110, 116, 119, 128, 131, 140, 145, 151, 152, 153, 154, 155, 157, 158, 164, 165, 166, 171, 174, 187, 188, 189, 190, 191, 193, 194, 196, 197, 198, 202, 205, 223, 224, 225, 227, 234, 240, 241, 242, 243, 245, 246, 249, 258, 261, 270, 271, 273, 274, 282], "summary": {"covered_lines": 92, "num_statements": 95, "percent_covered": 96.3302752293578, "percent_covered_display": "96", "missing_lines": 3, "excluded_lines": 4, "percent_statements_covered": 96.84210526315789, "percent_statements_covered_display": "97", "num_branches": 14, "num_partial_branches": 1, "covered_branches": 13, "missing_branches": 1, "percent_branches_covered": 92.85714285714286, "percent_branches_covered_display": "93"}, "missing_lines": [167, 168, 169], "excluded_lines": [37, 38, 285, 286], "start_line": 1, "executed_branches": [[187, 188], [187, 193], [189, 190], [189, 191], [193, 194], [193, 196], [197, 198], [197, 202], [240, 241], [240, 242], [242, 243], [242, 245], [273, 274]], "missing_branches": [[273, -261]]}}}, "src\\azure_opencode_setup\\discovery.py": {"executed_lines": [7, 9, 10, 11, 12, 13, 15, 16, 17, 18, 22, 25, 35, 36, 37, 38, 44, 56, 57, 58, 64, 65, 67, 69, 71, 74, 86, 87, 88, 89, 91, 92, 94, 97, 109, 110, 111, 112, 114, 115, 117, 120, 129, 141, 144, 157, 159, 175, 177, 189, 203, 204, 206, 223, 225, 228, 243, 244, 246, 261, 263, 264, 266], "summary": {"covered_lines": 63, "num_statements": 63, "percent_covered": 100.0, "percent_covered_display": "100", "missing_lines": 0, "excluded_lines": 0, "percent_statements_covered": 100.0, "percent_statements_covered_display": "100", "num_branches": 12, "num_partial_branches": 0, "covered_branches": 12, "missing_branches": 0, "percent_branches_covered": 100.0, "percent_branches_covered_display": "100"}, "missing_lines": [], "excluded_lines": [], "executed_branches": [[35, 36], [35, 37], [37, -25], [37, 38], [67, 69], [67, 71], [91, 92], [91, 94], [114, 115], [114, 117], [263, 264], [263, 266]], "missing_branches": [], "functions": {"_validate_azure_name": {"executed_lines": [35, 36, 37, 38], "summary": {"covered_lines": 4, "num_statements": 4, "percent_covered": 100.0, "percent_covered_display": "100", "missing_lines": 0, "excluded_lines": 0, "percent_statements_covered": 100.0, "percent_statements_covered_display": "100", "num_branches": 4, "num_partial_branches": 0, "covered_branches": 4, "missing_branches": 0, "percent_branches_covered": 100.0, "percent_branches_covered_display": "100"}, "missing_lines": [], "excluded_lines": [], "start_line": 25, "executed_branches": [[35, 36], [35, 37], [37, -25], [37, 38]], "missing_branches": []}, "_run_az_command": {"executed_lines": [56, 57, 58, 64, 65, 67, 69, 71], "summary": {"covered_lines": 8, "num_statements": 8, "percent_covered": 100.0, "percent_covered_display": "100", "missing_lines": 0, "excluded_lines": 0, "percent_statements_covered": 100.0, "percent_statements_covered_display": "100", "num_branches": 2, "num_partial_branches": 0, "covered_branches": 2, "missing_branches": 0, "percent_branches_covered": 100.0, "percent_branches_covered_display": "100"}, "missing_lines": [], "excluded_lines": [], "start_line": 44, "executed_branches": [[67, 69], [67, 71]], "missing_branches": []}, "_parse_json_list": {"executed_lines": [86, 87, 88, 89, 91, 92, 94], "summary": {"covered_lines": 7, "num_statements": 7, "percent_covered": 100.0, "percent_covered_display": "100", "missing_lines": 0, "excluded_lines": 0, "percent_statements_covered": 100.0, "percent_statements_covered_display": "100", "num_branches": 2, "num_partial_branches": 0, "covered_branches": 2, "missing_branches": 0, "percent_branches_covered": 100.0, "percent_branches_covered_display": "100"}, "missing_lines": [], "excluded_lines": [], "start_line": 74, "executed_branches": [[91, 92], [91, 94]], "missing_branches": []}, "_parse_json_object": {"executed_lines": [109, 110, 111, 112, 114, 115, 117], "summary": {"covered_lines": 7, "num_statements": 7, "percent_covered": 100.0, "percent_covered_display": "100", "missing_lines": 0, "excluded_lines": 0, "percent_statements_covered": 100.0, "percent_statements_covered_display": "100", "num_branches": 2, "num_partial_branches": 0, "covered_branches": 2, "missing_branches": 0, "percent_branches_covered": 100.0, "percent_branches_covered_display": "100"}, "missing_lines": [], "excluded_lines": [], "start_line": 97, "executed_branches": [[114, 115], [114, 117]], "missing_branches": []}, "list_subscriptions": {"executed_lines": [129, 141], "summary": {"covered_lines": 2, "num_statements": 2, "percent_covered": 100.0, "percent_covered_display": "100", "missing_lines": 0, "excluded_lines": 0, "percent_statements_covered": 100.0, "percent_statements_covered_display": "100", "num_branches": 0, "num_partial_branches": 0, "covered_branches": 0, "missing_branches": 0, "percent_branches_covered": 100.0, "percent_branches_covered_display": "100"}, "missing_lines": [], "excluded_lines": [], "start_line": 120, "executed_branches": [], "missing_branches": []}, "list_cognitive_accounts": {"executed_lines": [157, 159, 175, 177], "summary": {"covered_lines": 4, "num_statements": 4, "percent_covered": 100.0, "percent_covered_display": "100", "missing_lines": 0, "excluded_lines": 0, "percent_statements_covered": 100.0, "percent_statements_covered_display": "100", "num_branches": 0, "num_partial_branches": 0, "covered_branches": 0, "missing_branches": 0, "percent_branches_covered": 100.0, "percent_branches_covered_display": "100"}, "missing_lines": [], "excluded_lines": [], "start_line": 144, "executed_branches": [], "missing_branches": []}, "list_deployments": {"executed_lines": [203, 204, 206, 223, 225], "summary": {"covered_lines": 5, "num_statements": 5, "percent_covered": 100.0, "percent_covered_display": "100", "missing_lines": 0, "excluded_lines": 0, "percent_statements_covered": 100.0, "percent_statements_covered_display": "100", "num_branches": 0, "num_partial_branches": 0, "covered_branches": 0, "missing_branches": 0, "percent_branches_covered": 100.0, "percent_branches_covered_display": "100"}, "missing_lines": [], "excluded_lines": [], "start_line": 189, "executed_branches": [], "missing_branches": []}, "get_api_key": {"executed_lines": [243, 244, 246, 261, 263, 264, 266], "summary": {"covered_lines": 7, "num_statements": 7, "percent_covered": 100.0, "percent_covered_display": "100", "missing_lines": 0, "excluded_lines": 0, "percent_statements_covered": 100.0, "percent_statements_covered_display": "100", "num_branches": 2, "num_partial_branches": 0, "covered_branches": 2, "missing_branches": 0, "percent_branches_covered": 100.0, "percent_branches_covered_display": "100"}, "missing_lines": [], "excluded_lines": [], "start_line": 228, "executed_branches": [[263, 264], [263, 266]], "missing_branches": []}, "": {"executed_lines": [7, 9, 10, 11, 12, 13, 15, 16, 17, 18, 22, 25, 44, 74, 97, 120, 144, 189, 228], "summary": {"covered_lines": 19, "num_statements": 19, "percent_covered": 100.0, "percent_covered_display": "100", "missing_lines": 0, "excluded_lines": 0, "percent_statements_covered": 100.0, "percent_statements_covered_display": "100", "num_branches": 0, "num_partial_branches": 0, "covered_branches": 0, "missing_branches": 0, "percent_branches_covered": 100.0, "percent_branches_covered_display": "100"}, "missing_lines": [], "excluded_lines": [], "start_line": 1, "executed_branches": [], "missing_branches": []}}, "classes": {"": {"executed_lines": [7, 9, 10, 11, 12, 13, 15, 16, 17, 18, 22, 25, 35, 36, 37, 38, 44, 56, 57, 58, 64, 65, 67, 69, 71, 74, 86, 87, 88, 89, 91, 92, 94, 97, 109, 110, 111, 112, 114, 115, 117, 120, 129, 141, 144, 157, 159, 175, 177, 189, 203, 204, 206, 223, 225, 228, 243, 244, 246, 261, 263, 264, 266], "summary": {"covered_lines": 63, "num_statements": 63, "percent_covered": 100.0, "percent_covered_display": "100", "missing_lines": 0, "excluded_lines": 0, "percent_statements_covered": 100.0, "percent_statements_covered_display": "100", "num_branches": 12, "num_partial_branches": 0, "covered_branches": 12, "missing_branches": 0, "percent_branches_covered": 100.0, "percent_branches_covered_display": "100"}, "missing_lines": [], "excluded_lines": [], "start_line": 1, "executed_branches": [[35, 36], [35, 37], [37, -25], [37, 38], [67, 69], [67, 71], [91, 92], [91, 94], [114, 115], [114, 117], [263, 264], [263, 266]], "missing_branches": []}}}, "src\\azure_opencode_setup\\errors.py": {"executed_lines": [7, 10, 14, 17, 24, 25, 26, 29, 32, 39, 40, 41, 44, 47, 54, 55, 56, 59, 62, 69, 70, 71, 74, 77, 84, 85, 86, 89, 96, 102, 103], "summary": {"covered_lines": 31, "num_statements": 31, "percent_covered": 100.0, "percent_covered_display": "100", "missing_lines": 0, "excluded_lines": 0, "percent_statements_covered": 100.0, "percent_statements_covered_display": "100", "num_branches": 0, "num_partial_branches": 0, "covered_branches": 0, "missing_branches": 0, "percent_branches_covered": 100.0, "percent_branches_covered_display": "100"}, "missing_lines": [], "excluded_lines": [], "executed_branches": [], "missing_branches": [], "functions": {"InvalidJsonError.__init__": {"executed_lines": [24, 25, 26], "summary": {"covered_lines": 3, "num_statements": 3, "percent_covered": 100.0, "percent_covered_display": "100", "missing_lines": 0, "excluded_lines": 0, "percent_statements_covered": 100.0, "percent_statements_covered_display": "100", "num_branches": 0, "num_partial_branches": 0, "covered_branches": 0, "missing_branches": 0, "percent_branches_covered": 100.0, "percent_branches_covered_display": "100"}, "missing_lines": [], "excluded_lines": [], "start_line": 17, "executed_branches": [], "missing_branches": []}, "InvalidSchemaError.__init__": {"executed_lines": [39, 40, 41], "summary": {"covered_lines": 3, "num_statements": 3, "percent_covered": 100.0, "percent_covered_display": "100", "missing_lines": 0, "excluded_lines": 0, "percent_statements_covered": 100.0, "percent_statements_covered_display": "100", "num_branches": 0, "num_partial_branches": 0, "covered_branches": 0, "missing_branches": 0, "percent_branches_covered": 100.0, "percent_branches_covered_display": "100"}, "missing_lines": [], "excluded_lines": [], "start_line": 32, "executed_branches": [], "missing_branches": []}, "PermissionRestrictError.__init__": {"executed_lines": [54, 55, 56], "summary": {"covered_lines": 3, "num_statements": 3, "percent_covered": 100.0, "percent_covered_display": "100", "missing_lines": 0, "excluded_lines": 0, "percent_statements_covered": 100.0, "percent_statements_covered_display": "100", "num_branches": 0, "num_partial_branches": 0, "covered_branches": 0, "missing_branches": 0, "percent_branches_covered": 100.0, "percent_branches_covered_display": "100"}, "missing_lines": [], "excluded_lines": [], "start_line": 47, "executed_branches": [], "missing_branches": []}, "LockError.__init__": {"executed_lines": [69, 70, 71], "summary": {"covered_lines": 3, "num_statements": 3, "percent_covered": 100.0, "percent_covered_display": "100", "missing_lines": 0, "excluded_lines": 0, "percent_statements_covered": 100.0, "percent_statements_covered_display": "100", "num_branches": 0, "num_partial_branches": 0, "covered_branches": 0, "missing_branches": 0, "percent_branches_covered": 100.0, "percent_branches_covered_display": "100"}, "missing_lines": [], "excluded_lines": [], "start_line": 62, "executed_branches": [], "missing_branches": []}, "ValidationError.__init__": {"executed_lines": [84, 85, 86], "summary": {"covered_lines": 3, "num_statements": 3, "percent_covered": 100.0, "percent_covered_display": "100", "missing_lines": 0, "excluded_lines": 0, "percent_statements_covered": 100.0, "percent_statements_covered_display": "100", "num_branches": 0, "num_partial_branches": 0, "covered_branches": 0, "missing_branches": 0, "percent_branches_covered": 100.0, "percent_branches_covered_display": "100"}, "missing_lines": [], "excluded_lines": [], "start_line": 77, "executed_branches": [], "missing_branches": []}, "DiscoveryError.__init__": {"executed_lines": [102, 103], "summary": {"covered_lines": 2, "num_statements": 2, "percent_covered": 100.0, "percent_covered_display": "100", "missing_lines": 0, "excluded_lines": 0, "percent_statements_covered": 100.0, "percent_statements_covered_display": "100", "num_branches": 0, "num_partial_branches": 0, "covered_branches": 0, "missing_branches": 0, "percent_branches_covered": 100.0, "percent_branches_covered_display": "100"}, "missing_lines": [], "excluded_lines": [], "start_line": 96, "executed_branches": [], "missing_branches": []}, "": {"executed_lines": [7, 10, 14, 17, 29, 32, 44, 47, 59, 62, 74, 77, 89, 96], "summary": {"covered_lines": 14, "num_statements": 14, "percent_covered": 100.0, "percent_covered_display": "100", "missing_lines": 0, "excluded_lines": 0, "percent_statements_covered": 100.0, "percent_statements_covered_display": "100", "num_branches": 0, "num_partial_branches": 0, "covered_branches": 0, "missing_branches": 0, "percent_branches_covered": 100.0, "percent_branches_covered_display": "100"}, "missing_lines": [], "excluded_lines": [], "start_line": 1, "executed_branches": [], "missing_branches": []}}, "classes": {"OpenCodeSetupError": {"executed_lines": [], "summary": {"covered_lines": 0, "num_statements": 0, "percent_covered": 100.0, "percent_covered_display": "100", "missing_lines": 0, "excluded_lines": 0, "percent_statements_covered": 100.0, "percent_statements_covered_display": "100", "num_branches": 0, "num_partial_branches": 0, "covered_branches": 0, "missing_branches": 0, "percent_branches_covered": 100.0, "percent_branches_covered_display": "100"}, "missing_lines": [], "excluded_lines": [], "start_line": 10, "executed_branches": [], "missing_branches": []}, "InvalidJsonError": {"executed_lines": [24, 25, 26], "summary": {"covered_lines": 3, "num_statements": 3, "percent_covered": 100.0, "percent_covered_display": "100", "missing_lines": 0, "excluded_lines": 0, "percent_statements_covered": 100.0, "percent_statements_covered_display": "100", "num_branches": 0, "num_partial_branches": 0, "covered_branches": 0, "missing_branches": 0, "percent_branches_covered": 100.0, "percent_branches_covered_display": "100"}, "missing_lines": [], "excluded_lines": [], "start_line": 14, "executed_branches": [], "missing_branches": []}, "InvalidSchemaError": {"executed_lines": [39, 40, 41], "summary": {"covered_lines": 3, "num_statements": 3, "percent_covered": 100.0, "percent_covered_display": "100", "missing_lines": 0, "excluded_lines": 0, "percent_statements_covered": 100.0, "percent_statements_covered_display": "100", "num_branches": 0, "num_partial_branches": 0, "covered_branches": 0, "missing_branches": 0, "percent_branches_covered": 100.0, "percent_branches_covered_display": "100"}, "missing_lines": [], "excluded_lines": [], "start_line": 29, "executed_branches": [], "missing_branches": []}, "PermissionRestrictError": {"executed_lines": [54, 55, 56], "summary": {"covered_lines": 3, "num_statements": 3, "percent_covered": 100.0, "percent_covered_display": "100", "missing_lines": 0, "excluded_lines": 0, "percent_statements_covered": 100.0, "percent_statements_covered_display": "100", "num_branches": 0, "num_partial_branches": 0, "covered_branches": 0, "missing_branches": 0, "percent_branches_covered": 100.0, "percent_branches_covered_display": "100"}, "missing_lines": [], "excluded_lines": [], "start_line": 44, "executed_branches": [], "missing_branches": []}, "LockError": {"executed_lines": [69, 70, 71], "summary": {"covered_lines": 3, "num_statements": 3, "percent_covered": 100.0, "percent_covered_display": "100", "missing_lines": 0, "excluded_lines": 0, "percent_statements_covered": 100.0, "percent_statements_covered_display": "100", "num_branches": 0, "num_partial_branches": 0, "covered_branches": 0, "missing_branches": 0, "percent_branches_covered": 100.0, "percent_branches_covered_display": "100"}, "missing_lines": [], "excluded_lines": [], "start_line": 59, "executed_branches": [], "missing_branches": []}, "ValidationError": {"executed_lines": [84, 85, 86], "summary": {"covered_lines": 3, "num_statements": 3, "percent_covered": 100.0, "percent_covered_display": "100", "missing_lines": 0, "excluded_lines": 0, "percent_statements_covered": 100.0, "percent_statements_covered_display": "100", "num_branches": 0, "num_partial_branches": 0, "covered_branches": 0, "missing_branches": 0, "percent_branches_covered": 100.0, "percent_branches_covered_display": "100"}, "missing_lines": [], "excluded_lines": [], "start_line": 74, "executed_branches": [], "missing_branches": []}, "DiscoveryError": {"executed_lines": [102, 103], "summary": {"covered_lines": 2, "num_statements": 2, "percent_covered": 100.0, "percent_covered_display": "100", "missing_lines": 0, "excluded_lines": 0, "percent_statements_covered": 100.0, "percent_statements_covered_display": "100", "num_branches": 0, "num_partial_branches": 0, "covered_branches": 0, "missing_branches": 0, "percent_branches_covered": 100.0, "percent_branches_covered_display": "100"}, "missing_lines": [], "excluded_lines": [], "start_line": 89, "executed_branches": [], "missing_branches": []}, "": {"executed_lines": [7, 10, 14, 17, 29, 32, 44, 47, 59, 62, 74, 77, 89, 96], "summary": {"covered_lines": 14, "num_statements": 14, "percent_covered": 100.0, "percent_covered_display": "100", "missing_lines": 0, "excluded_lines": 0, "percent_statements_covered": 100.0, "percent_statements_covered_display": "100", "num_branches": 0, "num_partial_branches": 0, "covered_branches": 0, "missing_branches": 0, "percent_branches_covered": 100.0, "percent_branches_covered_display": "100"}, "missing_lines": [], "excluded_lines": [], "start_line": 1, "executed_branches": [], "missing_branches": []}}}, "src\\azure_opencode_setup\\io.py": {"executed_lines": [10, 12, 13, 14, 15, 16, 17, 18, 19, 20, 21, 22, 24, 25, 48, 51, 64, 65, 67, 68, 69, 70, 71, 73, 74, 75, 76, 78, 79, 80, 85, 88, 110, 111, 113, 115, 116, 117, 118, 123, 124, 125, 126, 128, 129, 131, 132, 135, 136, 137, 138, 141, 158, 159, 161, 164, 173, 174, 177, 190, 193, 202, 205, 206, 207, 209, 210, 212, 217, 220, 236, 237, 238, 240, 241, 242, 244, 247, 263, 264, 266, 267, 268, 270, 271, 272, 273, 275, 276, 277, 278, 279, 281, 290, 291, 292, 293, 295, 296, 297, 299, 300, 301, 302, 303, 305, 311, 312, 313, 315, 316, 325, 326, 327], "summary": {"covered_lines": 114, "num_statements": 120, "percent_covered": 93.33333333333333, "percent_covered_display": "93", "missing_lines": 6, "excluded_lines": 16, "percent_statements_covered": 95.0, "percent_statements_covered_display": "95", "num_branches": 30, "num_partial_branches": 4, "covered_branches": 26, "missing_branches": 4, "percent_branches_covered": 86.66666666666667, "percent_branches_covered_display": "87"}, "missing_lines": [203, 213, 214, 215, 239, 243], "excluded_lines": [27, 28, 29, 30, 32, 33, 34, 35, 36, 37, 38, 40, 41, 43, 44, 45], "executed_branches": [[64, 65], [64, 67], [78, 79], [78, 85], [131, 132], [131, 135], [135, 136], [135, 137], [137, -88], [137, 138], [158, 159], [158, 161], [202, 205], [212, 217], [238, 240], [242, 244], [263, 264], [263, 266], [290, 291], [290, 295], [300, 301], [300, 305], [305, 311], [305, 315], [325, -247], [325, 326]], "missing_branches": [[202, 203], [212, 213], [238, 239], [242, 243]], "functions": {"read_json_object": {"executed_lines": [64, 65, 67, 68, 69, 70, 71, 73, 74, 75, 76, 78, 79, 80, 85], "summary": {"covered_lines": 15, "num_statements": 15, "percent_covered": 100.0, "percent_covered_display": "100", "missing_lines": 0, "excluded_lines": 0, "percent_statements_covered": 100.0, "percent_statements_covered_display": "100", "num_branches": 4, "num_partial_branches": 0, "covered_branches": 4, "missing_branches": 0, "percent_branches_covered": 100.0, "percent_branches_covered_display": "100"}, "missing_lines": [], "excluded_lines": [], "start_line": 51, "executed_branches": [[64, 65], [64, 67], [78, 79], [78, 85]], "missing_branches": []}, "atomic_write_json": {"executed_lines": [110, 111, 113, 115, 116, 117, 118, 123, 124, 125, 126, 128, 129, 131, 132, 135, 136, 137, 138], "summary": {"covered_lines": 19, "num_statements": 19, "percent_covered": 100.0, "percent_covered_display": "100", "missing_lines": 0, "excluded_lines": 0, "percent_statements_covered": 100.0, "percent_statements_covered_display": "100", "num_branches": 6, "num_partial_branches": 0, "covered_branches": 6, "missing_branches": 0, "percent_branches_covered": 100.0, "percent_branches_covered_display": "100"}, "missing_lines": [], "excluded_lines": [], "start_line": 88, "executed_branches": [[131, 132], [131, 135], [135, 136], [135, 137], [137, -88], [137, 138]], "missing_branches": []}, "restrict_permissions": {"executed_lines": [158, 159, 161], "summary": {"covered_lines": 3, "num_statements": 3, "percent_covered": 100.0, "percent_covered_display": "100", "missing_lines": 0, "excluded_lines": 0, "percent_statements_covered": 100.0, "percent_statements_covered_display": "100", "num_branches": 2, "num_partial_branches": 0, "covered_branches": 2, "missing_branches": 0, "percent_branches_covered": 100.0, "percent_branches_covered_display": "100"}, "missing_lines": [], "excluded_lines": [], "start_line": 141, "executed_branches": [[158, 159], [158, 161]], "missing_branches": []}, "_cleanup_tmp": {"executed_lines": [173, 174], "summary": {"covered_lines": 2, "num_statements": 2, "percent_covered": 100.0, "percent_covered_display": "100", "missing_lines": 0, "excluded_lines": 0, "percent_statements_covered": 100.0, "percent_statements_covered_display": "100", "num_branches": 0, "num_partial_branches": 0, "covered_branches": 0, "missing_branches": 0, "percent_branches_covered": 100.0, "percent_branches_covered_display": "100"}, "missing_lines": [], "excluded_lines": [], "start_line": 164, "executed_branches": [], "missing_branches": []}, "_atomic_replace": {"executed_lines": [190], "summary": {"covered_lines": 1, "num_statements": 1, "percent_covered": 100.0, "percent_covered_display": "100", "missing_lines": 0, "excluded_lines": 0, "percent_statements_covered": 100.0, "percent_statements_covered_display": "100", "num_branches": 0, "num_partial_branches": 0, "covered_branches": 0, "missing_branches": 0, "percent_branches_covered": 100.0, "percent_branches_covered_display": "100"}, "missing_lines": [], "excluded_lines": [], "start_line": 177, "executed_branches": [], "missing_branches": []}, "_get_current_username": {"executed_lines": [202, 205, 206, 207, 209, 210, 212, 217], "summary": {"covered_lines": 8, "num_statements": 12, "percent_covered": 62.5, "percent_covered_display": "62", "missing_lines": 4, "excluded_lines": 0, "percent_statements_covered": 66.66666666666667, "percent_statements_covered_display": "67", "num_branches": 4, "num_partial_branches": 2, "covered_branches": 2, "missing_branches": 2, "percent_branches_covered": 50.0, "percent_branches_covered_display": "50"}, "missing_lines": [203, 213, 214, 215], "excluded_lines": [], "start_line": 193, "executed_branches": [[202, 205], [212, 217]], "missing_branches": [[202, 203], [212, 213]]}, "_restrict_windows_acl": {"executed_lines": [236, 237, 238, 240, 241, 242, 244], "summary": {"covered_lines": 7, "num_statements": 9, "percent_covered": 69.23076923076923, "percent_covered_display": "69", "missing_lines": 2, "excluded_lines": 0, "percent_statements_covered": 77.77777777777777, "percent_statements_covered_display": "78", "num_branches": 4, "num_partial_branches": 2, "covered_branches": 2, "missing_branches": 2, "percent_branches_covered": 50.0, "percent_branches_covered_display": "50"}, "missing_lines": [239, 243], "excluded_lines": [], "start_line": 220, "executed_branches": [[238, 240], [242, 244]], "missing_branches": [[238, 239], [242, 243]]}, "_win32_set_owner_only_acl": {"executed_lines": [263, 264, 266, 267, 268, 270, 271, 272, 273, 275, 276, 277, 278, 279, 281, 290, 291, 292, 293, 295, 296, 297, 299, 300, 301, 302, 303, 305, 311, 312, 313, 315, 316, 325, 326, 327], "summary": {"covered_lines": 36, "num_statements": 36, "percent_covered": 100.0, "percent_covered_display": "100", "missing_lines": 0, "excluded_lines": 0, "percent_statements_covered": 100.0, "percent_statements_covered_display": "100", "num_branches": 10, "num_partial_branches": 0, "covered_branches": 10, "missing_branches": 0, "percent_branches_covered": 100.0, "percent_branches_covered_display": "100"}, "missing_lines": [], "excluded_lines": [], "start_line": 247, "executed_branches": [[263, 264], [263, 266], [290, 291], [290, 295], [300, 301], [300, 305], [305, 311], [305, 315], [325, -247], [325, 326]], "missing_branches": []}, "": {"executed_lines": [10, 12, 13, 14, 15, 16, 17, 18, 19, 20, 21, 22, 24, 25, 48, 51, 88, 141, 164, 177, 193, 220, 247], "summary": {"covered_lines": 23, "num_statements": 23, "percent_covered": 100.0, "percent_covered_display": "100", "missing_lines": 0, "excluded_lines": 16, "percent_statements_covered": 100.0, "percent_statements_covered_display": "100", "num_branches": 0, "num_partial_branches": 0, "covered_branches": 0, "missing_branches": 0, "percent_branches_covered": 100.0, "percent_branches_covered_display": "100"}, "missing_lines": [], "excluded_lines": [27, 28, 29, 30, 32, 33, 34, 35, 36, 37, 38, 40, 41, 43, 44, 45], "start_line": 1, "executed_branches": [], "missing_branches": []}}, "classes": {"_Advapi32": {"executed_lines": [], "summary": {"covered_lines": 0, "num_statements": 0, "percent_covered": 100.0, "percent_covered_display": "100", "missing_lines": 0, "excluded_lines": 0, "percent_statements_covered": 100.0, "percent_statements_covered_display": "100", "num_branches": 0, "num_partial_branches": 0, "covered_branches": 0, "missing_branches": 0, "percent_branches_covered": 100.0, "percent_branches_covered_display": "100"}, "missing_lines": [], "excluded_lines": [], "start_line": 32, "executed_branches": [], "missing_branches": []}, "_Kernel32": {"executed_lines": [], "summary": {"covered_lines": 0, "num_statements": 0, "percent_covered": 100.0, "percent_covered_display": "100", "missing_lines": 0, "excluded_lines": 0, "percent_statements_covered": 100.0, "percent_statements_covered_display": "100", "num_branches": 0, "num_partial_branches": 0, "covered_branches": 0, "missing_branches": 0, "percent_branches_covered": 100.0, "percent_branches_covered_display": "100"}, "missing_lines": [], "excluded_lines": [], "start_line": 40, "executed_branches": [], "missing_branches": []}, "_Windll": {"executed_lines": [], "summary": {"covered_lines": 0, "num_statements": 0, "percent_covered": 100.0, "percent_covered_display": "100", "missing_lines": 0, "excluded_lines": 0, "percent_statements_covered": 100.0, "percent_statements_covered_display": "100", "num_branches": 0, "num_partial_branches": 0, "covered_branches": 0, "missing_branches": 0, "percent_branches_covered": 100.0, "percent_branches_covered_display": "100"}, "missing_lines": [], "excluded_lines": [], "start_line": 43, "executed_branches": [], "missing_branches": []}, "": {"executed_lines": [10, 12, 13, 14, 15, 16, 17, 18, 19, 20, 21, 22, 24, 25, 48, 51, 64, 65, 67, 68, 69, 70, 71, 73, 74, 75, 76, 78, 79, 80, 85, 88, 110, 111, 113, 115, 116, 117, 118, 123, 124, 125, 126, 128, 129, 131, 132, 135, 136, 137, 138, 141, 158, 159, 161, 164, 173, 174, 177, 190, 193, 202, 205, 206, 207, 209, 210, 212, 217, 220, 236, 237, 238, 240, 241, 242, 244, 247, 263, 264, 266, 267, 268, 270, 271, 272, 273, 275, 276, 277, 278, 279, 281, 290, 291, 292, 293, 295, 296, 297, 299, 300, 301, 302, 303, 305, 311, 312, 313, 315, 316, 325, 326, 327], "summary": {"covered_lines": 114, "num_statements": 120, "percent_covered": 93.33333333333333, "percent_covered_display": "93", "missing_lines": 6, "excluded_lines": 16, "percent_statements_covered": 95.0, "percent_statements_covered_display": "95", "num_branches": 30, "num_partial_branches": 4, "covered_branches": 26, "missing_branches": 4, "percent_branches_covered": 86.66666666666667, "percent_branches_covered_display": "87"}, "missing_lines": [203, 213, 214, 215, 239, 243], "excluded_lines": [27, 28, 29, 30, 32, 33, 34, 35, 36, 37, 38, 40, 41, 43, 44, 45], "start_line": 1, "executed_branches": [[64, 65], [64, 67], [78, 79], [78, 85], [131, 132], [131, 135], [135, 136], [135, 137], [137, -88], [137, 138], [158, 159], [158, 161], [202, 205], [212, 217], [238, 240], [242, 244], [263, 264], [263, 266], [290, 291], [290, 295], [300, 301], [300, 305], [305, 311], [305, 315], [325, -247], [325, 326]], "missing_branches": [[202, 203], [212, 213], [238, 239], [242, 243]]}}}, "src\\azure_opencode_setup\\locking.py": {"executed_lines": [10, 12, 13, 14, 15, 16, 17, 18, 19, 20, 22, 24, 25, 31, 34, 54, 55, 56, 57, 58, 60, 62, 63, 79, 82, 83, 102, 103, 104, 106, 107, 113, 114, 115, 116, 118, 121, 122, 123, 124], "summary": {"covered_lines": 40, "num_statements": 46, "percent_covered": 84.0, "percent_covered_display": "84", "missing_lines": 6, "excluded_lines": 3, "percent_statements_covered": 86.95652173913044, "percent_statements_covered_display": "87", "num_branches": 4, "num_partial_branches": 2, "covered_branches": 2, "missing_branches": 2, "percent_branches_covered": 50.0, "percent_branches_covered_display": "50"}, "missing_lines": [66, 71, 72, 73, 75, 77], "excluded_lines": [27, 28, 29], "executed_branches": [[60, 62], [121, 122]], "missing_branches": [[60, 66], [121, -82]], "functions": {"backup_file": {"executed_lines": [54, 55, 56, 57, 58, 60, 62, 63, 79], "summary": {"covered_lines": 9, "num_statements": 15, "percent_covered": 58.8235294117647, "percent_covered_display": "59", "missing_lines": 6, "excluded_lines": 0, "percent_statements_covered": 60.0, "percent_statements_covered_display": "60", "num_branches": 2, "num_partial_branches": 1, "covered_branches": 1, "missing_branches": 1, "percent_branches_covered": 50.0, "percent_branches_covered_display": "50"}, "missing_lines": [66, 71, 72, 73, 75, 77], "excluded_lines": [], "start_line": 34, "executed_branches": [[60, 62]], "missing_branches": [[60, 66]]}, "file_lock": {"executed_lines": [102, 103, 104, 106, 107, 113, 114, 115, 116, 118, 121, 122, 123, 124], "summary": {"covered_lines": 14, "num_statements": 14, "percent_covered": 93.75, "percent_covered_display": "94", "missing_lines": 0, "excluded_lines": 0, "percent_statements_covered": 100.0, "percent_statements_covered_display": "100", "num_branches": 2, "num_partial_branches": 1, "covered_branches": 1, "missing_branches": 1, "percent_branches_covered": 50.0, "percent_branches_covered_display": "50"}, "missing_lines": [], "excluded_lines": [], "start_line": 83, "executed_branches": [[121, 122]], "missing_branches": [[121, -82]]}, "": {"executed_lines": [10, 12, 13, 14, 15, 16, 17, 18, 19, 20, 22, 24, 25, 31, 34, 82, 83], "summary": {"covered_lines": 17, "num_statements": 17, "percent_covered": 100.0, "percent_covered_display": "100", "missing_lines": 0, "excluded_lines": 3, "percent_statements_covered": 100.0, "percent_statements_covered_display": "100", "num_branches": 0, "num_partial_branches": 0, "covered_branches": 0, "missing_branches": 0, "percent_branches_covered": 100.0, "percent_branches_covered_display": "100"}, "missing_lines": [], "excluded_lines": [27, 28, 29], "start_line": 1, "executed_branches": [], "missing_branches": []}}, "classes": {"": {"executed_lines": [10, 12, 13, 14, 15, 16, 17, 18, 19, 20, 22, 24, 25, 31, 34, 54, 55, 56, 57, 58, 60, 62, 63, 79, 82, 83, 102, 103, 104, 106, 107, 113, 114, 115, 116, 118, 121, 122, 123, 124], "summary": {"covered_lines": 40, "num_statements": 46, "percent_covered": 84.0, "percent_covered_display": "84", "missing_lines": 6, "excluded_lines": 3, "percent_statements_covered": 86.95652173913044, "percent_statements_covered_display": "87", "num_branches": 4, "num_partial_branches": 2, "covered_branches": 2, "missing_branches": 2, "percent_branches_covered": 50.0, "percent_branches_covered_display": "50"}, "missing_lines": [66, 71, 72, 73, 75, 77], "excluded_lines": [27, 28, 29], "start_line": 1, "executed_branches": [[60, 62], [121, 122]], "missing_branches": [[60, 66], [121, -82]]}}}, "src\\azure_opencode_setup\\merge.py": {"executed_lines": [14, 16, 17, 18, 20, 21, 26, 28, 31, 43, 44, 54, 74, 75, 76, 77, 79, 80, 81, 84, 108, 109, 110, 112, 114, 115, 116, 117, 118, 120, 121, 122, 123, 125, 127, 128, 130, 134, 136, 139, 155, 156, 157, 158, 159, 160, 162, 170, 173, 185, 186, 187, 193, 202, 203, 204, 205, 206, 207, 208], "summary": {"covered_lines": 60, "num_statements": 60, "percent_covered": 100.0, "percent_covered_display": "100", "missing_lines": 0, "excluded_lines": 2, "percent_statements_covered": 100.0, "percent_statements_covered_display": "100", "num_branches": 22, "num_partial_branches": 0, "covered_branches": 22, "missing_branches": 0, "percent_branches_covered": 100.0, "percent_branches_covered_display": "100"}, "missing_lines": [], "excluded_lines": [23, 24], "executed_branches": [[43, -31], [43, 44], [74, 75], [74, 76], [76, 77], [76, 79], [108, 109], [108, 110], [121, 122], [121, 125], [155, 156], [155, 157], [157, 158], [157, 162], [185, -173], [185, 186], [186, 185], [186, 187], [204, 205], [204, 208], [205, 204], [205, 206]], "missing_branches": [], "functions": {"validate_resource_name": {"executed_lines": [43, 44], "summary": {"covered_lines": 2, "num_statements": 2, "percent_covered": 100.0, "percent_covered_display": "100", "missing_lines": 0, "excluded_lines": 0, "percent_statements_covered": 100.0, "percent_statements_covered_display": "100", "num_branches": 2, "num_partial_branches": 0, "covered_branches": 2, "missing_branches": 0, "percent_branches_covered": 100.0, "percent_branches_covered_display": "100"}, "missing_lines": [], "excluded_lines": [], "start_line": 31, "executed_branches": [[43, -31], [43, 44]], "missing_branches": []}, "merge_auth": {"executed_lines": [74, 75, 76, 77, 79, 80, 81], "summary": {"covered_lines": 7, "num_statements": 7, "percent_covered": 100.0, "percent_covered_display": "100", "missing_lines": 0, "excluded_lines": 0, "percent_statements_covered": 100.0, "percent_statements_covered_display": "100", "num_branches": 4, "num_partial_branches": 0, "covered_branches": 4, "missing_branches": 0, "percent_branches_covered": 100.0, "percent_branches_covered_display": "100"}, "missing_lines": [], "excluded_lines": [], "start_line": 54, "executed_branches": [[74, 75], [74, 76], [76, 77], [76, 79]], "missing_branches": []}, "merge_config": {"executed_lines": [108, 109, 110, 112, 114, 115, 116, 117, 118, 120, 121, 122, 123, 125, 127, 128, 130, 134, 136], "summary": {"covered_lines": 19, "num_statements": 19, "percent_covered": 100.0, "percent_covered_display": "100", "missing_lines": 0, "excluded_lines": 0, "percent_statements_covered": 100.0, "percent_statements_covered_display": "100", "num_branches": 4, "num_partial_branches": 0, "covered_branches": 4, "missing_branches": 0, "percent_branches_covered": 100.0, "percent_branches_covered_display": "100"}, "missing_lines": [], "excluded_lines": [], "start_line": 84, "executed_branches": [[108, 109], [108, 110], [121, 122], [121, 125]], "missing_branches": []}, "_merge_disabled_providers": {"executed_lines": [155, 156, 157, 158, 159, 160, 162, 170], "summary": {"covered_lines": 8, "num_statements": 8, "percent_covered": 100.0, "percent_covered_display": "100", "missing_lines": 0, "excluded_lines": 0, "percent_statements_covered": 100.0, "percent_statements_covered_display": "100", "num_branches": 4, "num_partial_branches": 0, "covered_branches": 4, "missing_branches": 0, "percent_branches_covered": 100.0, "percent_branches_covered_display": "100"}, "missing_lines": [], "excluded_lines": [], "start_line": 139, "executed_branches": [[155, 156], [155, 157], [157, 158], [157, 162]], "missing_branches": []}, "_validate_string_list": {"executed_lines": [185, 186, 187], "summary": {"covered_lines": 3, "num_statements": 3, "percent_covered": 100.0, "percent_covered_display": "100", "missing_lines": 0, "excluded_lines": 0, "percent_statements_covered": 100.0, "percent_statements_covered_display": "100", "num_branches": 4, "num_partial_branches": 0, "covered_branches": 4, "missing_branches": 0, "percent_branches_covered": 100.0, "percent_branches_covered_display": "100"}, "missing_lines": [], "excluded_lines": [], "start_line": 173, "executed_branches": [[185, -173], [185, 186], [186, 185], [186, 187]], "missing_branches": []}, "_dedup_preserve_order": {"executed_lines": [202, 203, 204, 205, 206, 207, 208], "summary": {"covered_lines": 7, "num_statements": 7, "percent_covered": 100.0, "percent_covered_display": "100", "missing_lines": 0, "excluded_lines": 0, "percent_statements_covered": 100.0, "percent_statements_covered_display": "100", "num_branches": 4, "num_partial_branches": 0, "covered_branches": 4, "missing_branches": 0, "percent_branches_covered": 100.0, "percent_branches_covered_display": "100"}, "missing_lines": [], "excluded_lines": [], "start_line": 193, "executed_branches": [[204, 205], [204, 208], [205, 204], [205, 206]], "missing_branches": []}, "": {"executed_lines": [14, 16, 17, 18, 20, 21, 26, 28, 31, 54, 84, 139, 173, 193], "summary": {"covered_lines": 14, "num_statements": 14, "percent_covered": 100.0, "percent_covered_display": "100", "missing_lines": 0, "excluded_lines": 2, "percent_statements_covered": 100.0, "percent_statements_covered_display": "100", "num_branches": 0, "num_partial_branches": 0, "covered_branches": 0, "missing_branches": 0, "percent_branches_covered": 100.0, "percent_branches_covered_display": "100"}, "missing_lines": [], "excluded_lines": [23, 24], "start_line": 1, "executed_branches": [], "missing_branches": []}}, "classes": {"": {"executed_lines": [14, 16, 17, 18, 20, 21, 26, 28, 31, 43, 44, 54, 74, 75, 76, 77, 79, 80, 81, 84, 108, 109, 110, 112, 114, 115, 116, 117, 118, 120, 121, 122, 123, 125, 127, 128, 130, 134, 136, 139, 155, 156, 157, 158, 159, 160, 162, 170, 173, 185, 186, 187, 193, 202, 203, 204, 205, 206, 207, 208], "summary": {"covered_lines": 60, "num_statements": 60, "percent_covered": 100.0, "percent_covered_display": "100", "missing_lines": 0, "excluded_lines": 2, "percent_statements_covered": 100.0, "percent_statements_covered_display": "100", "num_branches": 22, "num_partial_branches": 0, "covered_branches": 22, "missing_branches": 0, "percent_branches_covered": 100.0, "percent_branches_covered_display": "100"}, "missing_lines": [], "excluded_lines": [23, 24], "start_line": 1, "executed_branches": [[43, -31], [43, 44], [74, 75], [74, 76], [76, 77], [76, 79], [108, 109], [108, 110], [121, 122], [121, 125], [155, 156], [155, 157], [157, 158], [157, 162], [185, -173], [185, 186], [186, 185], [186, 187], [204, 205], [204, 208], [205, 204], [205, 206]], "missing_branches": []}}}, "src\\azure_opencode_setup\\paths.py": {"executed_lines": [11, 13, 14, 16, 17, 20, 26, 29, 35, 38, 50, 51, 53], "summary": {"covered_lines": 13, "num_statements": 14, "percent_covered": 87.5, "percent_covered_display": "88", "missing_lines": 1, "excluded_lines": 0, "percent_statements_covered": 92.85714285714286, "percent_statements_covered_display": "93", "num_branches": 2, "num_partial_branches": 1, "covered_branches": 1, "missing_branches": 1, "percent_branches_covered": 50.0, "percent_branches_covered_display": "50"}, "missing_lines": [54], "excluded_lines": [], "executed_branches": [[53, -38]], "missing_branches": [[53, 54]], "functions": {"opencode_config_path": {"executed_lines": [26], "summary": {"covered_lines": 1, "num_statements": 1, "percent_covered": 100.0, "percent_covered_display": "100", "missing_lines": 0, "excluded_lines": 0, "percent_statements_covered": 100.0, "percent_statements_covered_display": "100", "num_branches": 0, "num_partial_branches": 0, "covered_branches": 0, "missing_branches": 0, "percent_branches_covered": 100.0, "percent_branches_covered_display": "100"}, "missing_lines": [], "excluded_lines": [], "start_line": 20, "executed_branches": [], "missing_branches": []}, "opencode_auth_path": {"executed_lines": [35], "summary": {"covered_lines": 1, "num_statements": 1, "percent_covered": 100.0, "percent_covered_display": "100", "missing_lines": 0, "excluded_lines": 0, "percent_statements_covered": 100.0, "percent_statements_covered_display": "100", "num_branches": 0, "num_partial_branches": 0, "covered_branches": 0, "missing_branches": 0, "percent_branches_covered": 100.0, "percent_branches_covered_display": "100"}, "missing_lines": [], "excluded_lines": [], "start_line": 29, "executed_branches": [], "missing_branches": []}, "ensure_parent_dir": {"executed_lines": [50, 51, 53], "summary": {"covered_lines": 3, "num_statements": 4, "percent_covered": 66.66666666666667, "percent_covered_display": "67", "missing_lines": 1, "excluded_lines": 0, "percent_statements_covered": 75.0, "percent_statements_covered_display": "75", "num_branches": 2, "num_partial_branches": 1, "covered_branches": 1, "missing_branches": 1, "percent_branches_covered": 50.0, "percent_branches_covered_display": "50"}, "missing_lines": [54], "excluded_lines": [], "start_line": 38, "executed_branches": [[53, -38]], "missing_branches": [[53, 54]]}, "": {"executed_lines": [11, 13, 14, 16, 17, 20, 29, 38], "summary": {"covered_lines": 8, "num_statements": 8, "percent_covered": 100.0, "percent_covered_display": "100", "missing_lines": 0, "excluded_lines": 0, "percent_statements_covered": 100.0, "percent_statements_covered_display": "100", "num_branches": 0, "num_partial_branches": 0, "covered_branches": 0, "missing_branches": 0, "percent_branches_covered": 100.0, "percent_branches_covered_display": "100"}, "missing_lines": [], "excluded_lines": [], "start_line": 1, "executed_branches": [], "missing_branches": []}}, "classes": {"": {"executed_lines": [11, 13, 14, 16, 17, 20, 26, 29, 35, 38, 50, 51, 53], "summary": {"covered_lines": 13, "num_statements": 14, "percent_covered": 87.5, "percent_covered_display": "88", "missing_lines": 1, "excluded_lines": 0, "percent_statements_covered": 92.85714285714286, "percent_statements_covered_display": "93", "num_branches": 2, "num_partial_branches": 1, "covered_branches": 1, "missing_branches": 1, "percent_branches_covered": 50.0, "percent_branches_covered_display": "50"}, "missing_lines": [54], "excluded_lines": [], "start_line": 1, "executed_branches": [[53, -38]], "missing_branches": [[53, 54]]}}}, "src\\azure_opencode_setup\\types.py": {"executed_lines": [7, 9, 10, 13, 14, 25, 26, 27, 28, 29, 32, 33, 41, 42, 45, 53, 54, 57, 60, 67, 70, 77, 80, 89, 90, 91, 94, 102, 103], "summary": {"covered_lines": 29, "num_statements": 29, "percent_covered": 100.0, "percent_covered_display": "100", "missing_lines": 0, "excluded_lines": 0, "percent_statements_covered": 100.0, "percent_statements_covered_display": "100", "num_branches": 0, "num_partial_branches": 0, "covered_branches": 0, "missing_branches": 0, "percent_branches_covered": 100.0, "percent_branches_covered_display": "100"}, "missing_lines": [], "excluded_lines": [], "executed_branches": [], "missing_branches": [], "functions": {"": {"executed_lines": [7, 9, 10, 13, 14, 25, 26, 27, 28, 29, 32, 33, 41, 42, 45, 53, 54, 57, 60, 67, 70, 77, 80, 89, 90, 91, 94, 102, 103], "summary": {"covered_lines": 29, "num_statements": 29, "percent_covered": 100.0, "percent_covered_display": "100", "missing_lines": 0, "excluded_lines": 0, "percent_statements_covered": 100.0, "percent_statements_covered_display": "100", "num_branches": 0, "num_partial_branches": 0, "covered_branches": 0, "missing_branches": 0, "percent_branches_covered": 100.0, "percent_branches_covered_display": "100"}, "missing_lines": [], "excluded_lines": [], "start_line": 1, "executed_branches": [], "missing_branches": []}}, "classes": {"CognitiveAccount": {"executed_lines": [], "summary": {"covered_lines": 0, "num_statements": 0, "percent_covered": 100.0, "percent_covered_display": "100", "missing_lines": 0, "excluded_lines": 0, "percent_statements_covered": 100.0, "percent_statements_covered_display": "100", "num_branches": 0, "num_partial_branches": 0, "covered_branches": 0, "missing_branches": 0, "percent_branches_covered": 100.0, "percent_branches_covered_display": "100"}, "missing_lines": [], "excluded_lines": [], "start_line": 14, "executed_branches": [], "missing_branches": []}, "Deployment": {"executed_lines": [], "summary": {"covered_lines": 0, "num_statements": 0, "percent_covered": 100.0, "percent_covered_display": "100", "missing_lines": 0, "excluded_lines": 0, "percent_statements_covered": 100.0, "percent_statements_covered_display": "100", "num_branches": 0, "num_partial_branches": 0, "covered_branches": 0, "missing_branches": 0, "percent_branches_covered": 100.0, "percent_branches_covered_display": "100"}, "missing_lines": [], "excluded_lines": [], "start_line": 33, "executed_branches": [], "missing_branches": []}, "AuthEntry": {"executed_lines": [], "summary": {"covered_lines": 0, "num_statements": 0, "percent_covered": 100.0, "percent_covered_display": "100", "missing_lines": 0, "excluded_lines": 0, "percent_statements_covered": 100.0, "percent_statements_covered_display": "100", "num_branches": 0, "num_partial_branches": 0, "covered_branches": 0, "missing_branches": 0, "percent_branches_covered": 100.0, "percent_branches_covered_display": "100"}, "missing_lines": [], "excluded_lines": [], "start_line": 45, "executed_branches": [], "missing_branches": []}, "ProviderOptions": {"executed_lines": [], "summary": {"covered_lines": 0, "num_statements": 0, "percent_covered": 100.0, "percent_covered_display": "100", "missing_lines": 0, "excluded_lines": 0, "percent_statements_covered": 100.0, "percent_statements_covered_display": "100", "num_branches": 0, "num_partial_branches": 0, "covered_branches": 0, "missing_branches": 0, "percent_branches_covered": 100.0, "percent_branches_covered_display": "100"}, "missing_lines": [], "excluded_lines": [], "start_line": 60, "executed_branches": [], "missing_branches": []}, "ModelEntry": {"executed_lines": [], "summary": {"covered_lines": 0, "num_statements": 0, "percent_covered": 100.0, "percent_covered_display": "100", "missing_lines": 0, "excluded_lines": 0, "percent_statements_covered": 100.0, "percent_statements_covered_display": "100", "num_branches": 0, "num_partial_branches": 0, "covered_branches": 0, "missing_branches": 0, "percent_branches_covered": 100.0, "percent_branches_covered_display": "100"}, "missing_lines": [], "excluded_lines": [], "start_line": 70, "executed_branches": [], "missing_branches": []}, "ProviderConfig": {"executed_lines": [], "summary": {"covered_lines": 0, "num_statements": 0, "percent_covered": 100.0, "percent_covered_display": "100", "missing_lines": 0, "excluded_lines": 0, "percent_statements_covered": 100.0, "percent_statements_covered_display": "100", "num_branches": 0, "num_partial_branches": 0, "covered_branches": 0, "missing_branches": 0, "percent_branches_covered": 100.0, "percent_branches_covered_display": "100"}, "missing_lines": [], "excluded_lines": [], "start_line": 80, "executed_branches": [], "missing_branches": []}, "OpenCodeConfig": {"executed_lines": [], "summary": {"covered_lines": 0, "num_statements": 0, "percent_covered": 100.0, "percent_covered_display": "100", "missing_lines": 0, "excluded_lines": 0, "percent_statements_covered": 100.0, "percent_statements_covered_display": "100", "num_branches": 0, "num_partial_branches": 0, "covered_branches": 0, "missing_branches": 0, "percent_branches_covered": 100.0, "percent_branches_covered_display": "100"}, "missing_lines": [], "excluded_lines": [], "start_line": 94, "executed_branches": [], "missing_branches": []}, "": {"executed_lines": [7, 9, 10, 13, 14, 25, 26, 27, 28, 29, 32, 33, 41, 42, 45, 53, 54, 57, 60, 67, 70, 77, 80, 89, 90, 91, 94, 102, 103], "summary": {"covered_lines": 29, "num_statements": 29, "percent_covered": 100.0, "percent_covered_display": "100", "missing_lines": 0, "excluded_lines": 0, "percent_statements_covered": 100.0, "percent_statements_covered_display": "100", "num_branches": 0, "num_partial_branches": 0, "covered_branches": 0, "missing_branches": 0, "percent_branches_covered": 100.0, "percent_branches_covered_display": "100"}, "missing_lines": [], "excluded_lines": [], "start_line": 1, "executed_branches": [], "missing_branches": []}}}}, "totals": {"covered_lines": 442, "num_statements": 458, "percent_covered": 95.5719557195572, "percent_covered_display": "96", "missing_lines": 16, "excluded_lines": 25, "percent_statements_covered": 96.5065502183406, "percent_statements_covered_display": "97", "num_branches": 84, "num_partial_branches": 8, "covered_branches": 76, "missing_branches": 8, "percent_branches_covered": 90.47619047619048, "percent_branches_covered_display": "90"}}